SF:lib\src\features\song\presentation\song_lyric.dart
DA:4,1
DA:6,1
LF:2
LH:2
end_of_record
SF:lib\main.dart
DA:6,0
DA:7,0
DA:9,0
DA:11,0
DA:12,0
DA:14,0
DA:18,2
DA:20,1
DA:22,1
DA:24,1
DA:27,1
DA:28,1
LF:12
LH:6
end_of_record
SF:lib\src\features\song\domain\song_model.g.dart
DA:13,0
DA:15,0
DA:16,0
DA:17,0
DA:19,0
DA:20,0
DA:21,0
DA:22,0
DA:23,0
DA:27,0
DA:30,0
DA:31,0
DA:32,0
DA:33,0
DA:34,0
DA:35,0
DA:36,0
DA:37,0
DA:38,0
DA:41,0
DA:42,0
DA:44,0
DA:47,0
DA:48,0
DA:49,0
LF:25
LH:0
end_of_record
SF:lib\src\features\song\domain\song_model.dart
DA:19,0
LF:1
LH:0
end_of_record
SF:lib\src\features\song\presentation\song_list.dart
DA:4,1
DA:6,1
LF:2
LH:2
end_of_record
